#
# There is insufficient memory for the Java Runtime Environment to continue.
# Native memory allocation (malloc) failed to allocate 148336 bytes for Chunk::new
# Possible reasons:
#   The system is out of physical RAM or swap space
#   In 32 bit mode, the process size limit was hit
# Possible solutions:
#   Reduce memory load on the system
#   Increase physical memory or swap space
#   Check if swap backing store is full
#   Use 64 bit Java on a 64 bit OS
#   Decrease Java heap size (-Xmx/-Xms)
#   Decrease number of Java threads
#   Decrease Java thread stack sizes (-Xss)
#   Set larger code cache with -XX:ReservedCodeCacheSize=
# This output file may be truncated or incomplete.
#
#  Out of Memory Error (allocation.cpp:390), pid=2224, tid=0x0000000000002e24
#
# JRE version: Java(TM) SE Runtime Environment (8.0_111-b14) (build 1.8.0_111-b14)
# Java VM: Java HotSpot(TM) 64-Bit Server VM (25.111-b14 mixed mode windows-amd64 compressed oops)
# Failed to write core dump. Minidumps are not enabled by default on client versions of Windows
#

---------------  T H R E A D  ---------------

Current thread (0x000000001e4df000):  JavaThread "C2 CompilerThread2" daemon [_thread_in_native, id=11812, stack(0x000000001fd50000,0x000000001fe50000)]

Stack: [0x000000001fd50000,0x000000001fe50000]
[error occurred during error reporting (printing stack bounds), id 0xc0000005]

Native frames: (J=compiled Java code, j=interpreted, Vv=VM code, C=native code)


Current CompileTask:
C2:    344  556       4       sun.awt.image.PNGImageDecoder::filterRow (459 bytes)


---------------  P R O C E S S  ---------------

Java Threads: ( => current thread )
  0x00000000205ee000 JavaThread "Image Fetcher 0" daemon [_thread_in_native, id=16592, stack(0x0000000021a10000,0x0000000021b10000)]
  0x00000000031f2800 JavaThread "DestroyJavaVM" [_thread_blocked, id=26660, stack(0x00000000030f0000,0x00000000031f0000)]
  0x0000000020383800 JavaThread "AWT-EventQueue-0" [_thread_blocked, id=23124, stack(0x0000000021710000,0x0000000021810000)]
  0x000000002031c000 JavaThread "AWT-Windows" daemon [_thread_in_native, id=12880, stack(0x0000000020ca0000,0x0000000020da0000)]
  0x000000002037c000 JavaThread "AWT-Shutdown" [_thread_blocked, id=17540, stack(0x0000000020ba0000,0x0000000020ca0000)]
  0x000000002037b800 JavaThread "Java2D Disposer" daemon [_thread_blocked, id=19872, stack(0x0000000020aa0000,0x0000000020ba0000)]
  0x000000001e4fb800 JavaThread "Service Thread" daemon [_thread_blocked, id=26408, stack(0x000000001ff50000,0x0000000020050000)]
  0x000000001e4df800 JavaThread "C1 CompilerThread3" daemon [_thread_blocked, id=20076, stack(0x000000001fe50000,0x000000001ff50000)]
=>0x000000001e4df000 JavaThread "C2 CompilerThread2" daemon [_thread_in_native, id=11812, stack(0x000000001fd50000,0x000000001fe50000)]
  0x000000001e4d9000 JavaThread "C2 CompilerThread1" daemon [_thread_in_native, id=26840, stack(0x000000001fc50000,0x000000001fd50000)]
  0x000000001e4d1800 JavaThread "C2 CompilerThread0" daemon [_thread_blocked, id=5204, stack(0x000000001fb50000,0x000000001fc50000)]
  0x000000001e4cc000 JavaThread "Attach Listener" daemon [_thread_blocked, id=19388, stack(0x000000001fa50000,0x000000001fb50000)]
  0x000000001e4cb800 JavaThread "Signal Dispatcher" daemon [_thread_blocked, id=13104, stack(0x000000001f950000,0x000000001fa50000)]
  0x000000001e4c3000 JavaThread "Finalizer" daemon [_thread_blocked, id=18808, stack(0x000000001f750000,0x000000001f850000)]
  0x00000000032e9000 JavaThread "Reference Handler" daemon [_thread_blocked, id=18532, stack(0x000000001f650000,0x000000001f750000)]

Other Threads:
  0x000000001cdf5800 VMThread [stack: 0x000000001f550000,0x000000001f650000] [id=22236]
  0x000000001e4ff800 WatcherThread [stack: 0x0000000020050000,0x0000000020150000] [id=26968]

VM state:not at safepoint (normal execution)

VM Mutex/Monitor currently owned by a thread: None

Heap:
 PSYoungGen      total 75776K, used 17977K [0x000000076be00000, 0x0000000771280000, 0x00000007c0000000)
  eden space 65024K, 27% used [0x000000076be00000,0x000000076cf8e518,0x000000076fd80000)
  from space 10752K, 0% used [0x0000000770800000,0x0000000770800000,0x0000000771280000)
  to   space 10752K, 0% used [0x000000076fd80000,0x000000076fd80000,0x0000000770800000)
 ParOldGen       total 173568K, used 0K [0x00000006c3a00000, 0x00000006ce380000, 0x000000076be00000)
  object space 173568K, 0% used [0x00000006c3a00000,0x00000006c3a00000,0x00000006ce380000)
 Metaspace       used 11375K, capacity 11566K, committed 11904K, reserved 1058816K
  class space    used 1477K, capacity 1575K, committed 1664K, reserved 1048576K

Card table byte_map: [0x00000000126b0000,0x0000000012ea0000] byte_map_base: 0x000000000f093000

Marking Bits: (ParMarkBitMap*) 0x000000005636a6c0
 Begin Bits: [0x0000000013df0000, 0x0000000017d08000)
 End Bits:   [0x0000000017d08000, 0x000000001bc20000)

Polling page: 0x0000000001700000

CodeCache: size=245760Kb used=2552Kb max_used=2553Kb free=243207Kb
 bounds [0x00000000032f0000, 0x0000000003570000, 0x00000000122f0000]
 total_blobs=997 nmethods=565 adapters=344
 compilation: disabled (not enough contiguous free space left)

Compilation events (10 events):
Event: 0.322 Thread 0x000000001e4df800  551       3       sun.awt.image.PNGImageDecoder::filterRow (459 bytes)
Event: 0.322 Thread 0x000000001e4df800 nmethod 551 0x0000000003549250 code [0x00000000035494a0, 0x000000000354a248]
Event: 0.323 Thread 0x000000001e4d9000  552 %     4       sun.awt.image.PNGImageDecoder::filterRow @ 79 (459 bytes)
Event: 0.325 Thread 0x000000001e4df800  553 % !   3       sun.awt.image.PNGImageDecoder::produceImage @ 960 (1916 bytes)
Event: 0.325 Thread 0x000000001e4d9000 nmethod 552% 0x000000000354e010 code [0x000000000354e160, 0x000000000354e3b8]
Event: 0.325 Thread 0x000000001e4d1800  554 %     4       sun.awt.image.PNGImageDecoder::filterRow @ 249 (459 bytes)
Event: 0.331 Thread 0x000000001e4df800 nmethod 553% 0x000000000354e590 code [0x000000000354ed80, 0x00000000035556f8]
Event: 0.331 Thread 0x000000001e4df800  555   !   3       sun.awt.image.PNGImageDecoder::produceImage (1916 bytes)
Event: 0.332 Thread 0x000000001e4d1800 nmethod 554% 0x000000000354c0d0 code [0x000000000354c220, 0x000000000354c8b8]
Event: 0.332 Thread 0x000000001e4df000  556       4       sun.awt.image.PNGImageDecoder::filterRow (459 bytes)

GC Heap History (0 events):
No events

Deoptimization events (5 events):
Event: 0.159 Thread 0x00000000031f2800 Uncommon trap: reason=null_check action=make_not_entrant pc=0x000000000346009c method=java.lang.String.equals(Ljava/lang/Object;)Z @ 8
Event: 0.272 Thread 0x0000000020383800 Uncommon trap: reason=bimorphic action=maybe_recompile pc=0x00000000034db140 method=java.util.HashMap.putVal(ILjava/lang/Object;Ljava/lang/Object;ZZ)Ljava/lang/Object; @ 56
Event: 0.272 Thread 0x0000000020383800 Uncommon trap: reason=bimorphic action=maybe_recompile pc=0x00000000034db140 method=java.util.HashMap.putVal(ILjava/lang/Object;Ljava/lang/Object;ZZ)Ljava/lang/Object; @ 56
Event: 0.274 Thread 0x0000000020383800 Uncommon trap: reason=bimorphic action=maybe_recompile pc=0x00000000034db140 method=java.util.HashMap.putVal(ILjava/lang/Object;Ljava/lang/Object;ZZ)Ljava/lang/Object; @ 56
Event: 0.274 Thread 0x0000000020383800 Uncommon trap: reason=bimorphic action=maybe_recompile pc=0x00000000034db140 method=java.util.HashMap.putVal(ILjava/lang/Object;Ljava/lang/Object;ZZ)Ljava/lang/Object; @ 56

Internal exceptions (10 events):
Event: 0.214 Thread 0x00000000031f2800 Exception <a 'java/lang/ClassNotFoundException': ToolBar> (0x000000076c3e5608) thrown at [C:\re\workspace\8-2-build-windows-amd64-cygwin\jdk8u111\7883\hotspot\src\share\vm\classfile\systemDictionary.cpp, line 210]
Event: 0.214 Thread 0x00000000031f2800 Exception <a 'java/lang/ClassNotFoundException': ToggleButton> (0x000000076c3e5bb8) thrown at [C:\re\workspace\8-2-build-windows-amd64-cygwin\jdk8u111\7883\hotspot\src\share\vm\classfile\systemDictionary.cpp, line 210]
Event: 0.214 Thread 0x00000000031f2800 Exception <a 'java/lang/ClassNotFoundException': javax/swing/JToolBarSeparator> (0x000000076c3e6018) thrown at [C:\re\workspace\8-2-build-windows-amd64-cygwin\jdk8u111\7883\hotspot\src\share\vm\classfile\systemDictionary.cpp, line 210]
Event: 0.214 Thread 0x00000000031f2800 Exception <a 'java/lang/ClassNotFoundException': ToolBarSeparator> (0x000000076c3e64b0) thrown at [C:\re\workspace\8-2-build-windows-amd64-cygwin\jdk8u111\7883\hotspot\src\share\vm\classfile\systemDictionary.cpp, line 210]
Event: 0.214 Thread 0x00000000031f2800 Exception <a 'java/lang/ClassNotFoundException': ToolTip> (0x000000076c3e6b48) thrown at [C:\re\workspace\8-2-build-windows-amd64-cygwin\jdk8u111\7883\hotspot\src\share\vm\classfile\systemDictionary.cpp, line 210]
Event: 0.214 Thread 0x00000000031f2800 Exception <a 'java/lang/ClassNotFoundException': Tree> (0x000000076c3e71d8) thrown at [C:\re\workspace\8-2-build-windows-amd64-cygwin\jdk8u111\7883\hotspot\src\share\vm\classfile\systemDictionary.cpp, line 210]
Event: 0.214 Thread 0x00000000031f2800 Exception <a 'java/lang/ClassNotFoundException': Tree> (0x000000076c3e78d0) thrown at [C:\re\workspace\8-2-build-windows-amd64-cygwin\jdk8u111\7883\hotspot\src\share\vm\classfile\systemDictionary.cpp, line 210]
Event: 0.214 Thread 0x00000000031f2800 Exception <a 'java/lang/ClassNotFoundException': javax/swing/JTreeCell> (0x000000076c3e7c50) thrown at [C:\re\workspace\8-2-build-windows-amd64-cygwin\jdk8u111\7883\hotspot\src\share\vm\classfile\systemDictionary.cpp, line 210]
Event: 0.214 Thread 0x00000000031f2800 Exception <a 'java/lang/ClassNotFoundException': TreeCell> (0x000000076c3e80d8) thrown at [C:\re\workspace\8-2-build-windows-amd64-cygwin\jdk8u111\7883\hotspot\src\share\vm\classfile\systemDictionary.cpp, line 210]
Event: 0.214 Thread 0x00000000031f2800 Exception <a 'java/lang/ClassNotFoundException': RootPane> (0x000000076c3e88f8) thrown at [C:\re\workspace\8-2-build-windows-amd64-cygwin\jdk8u111\7883\hotspot\src\share\vm\classfile\systemDictionary.cpp, line 210]

Events (10 events):
Event: 0.333 Thread 0x00000000205ee000 DEOPT UNPACKING pc=0x000000000333787f sp=0x0000000021b0ef08 mode 0
Event: 0.333 Thread 0x00000000205ee000 DEOPT PACKING pc=0x0000000003549fd5 sp=0x0000000021b0f210
Event: 0.333 Thread 0x00000000205ee000 DEOPT UNPACKING pc=0x000000000333787f sp=0x0000000021b0ef08 mode 0
Event: 0.333 Thread 0x00000000205ee000 DEOPT PACKING pc=0x000000000354a0fb sp=0x0000000021b0f210
Event: 0.333 Thread 0x00000000205ee000 DEOPT UNPACKING pc=0x000000000333787f sp=0x0000000021b0ef08 mode 0
Event: 0.334 Thread 0x00000000205ee000 DEOPT PACKING pc=0x000000000354a0fb sp=0x0000000021b0f210
Event: 0.334 Thread 0x00000000205ee000 DEOPT UNPACKING pc=0x000000000333787f sp=0x0000000021b0ef08 mode 0
Event: 0.334 Thread 0x00000000205ee000 DEOPT PACKING pc=0x000000000354a0fb sp=0x0000000021b0f210
Event: 0.334 Thread 0x00000000205ee000 DEOPT UNPACKING pc=0x000000000333787f sp=0x0000000021b0ef08 mode 0
Event: 0.334 Thread 0x00000000205ee000 DEOPT PACKING pc=0x000000000354a0fb sp=0x0000000021b0f210


Dynamic libraries:
0x00007ff7d2160000 - 0x00007ff7d2197000 	C:\Program Files\Java\jdk1.8.0_111\bin\java.exe
0x00007fff15a70000 - 0x00007fff15c87000 	C:\WINDOWS\SYSTEM32\ntdll.dll
0x00007fff14ae0000 - 0x00007fff14ba4000 	C:\WINDOWS\System32\KERNEL32.DLL
0x00007fff132a0000 - 0x00007fff13646000 	C:\WINDOWS\System32\KERNELBASE.dll
0x00007fff15370000 - 0x00007fff15423000 	C:\WINDOWS\System32\ADVAPI32.dll
0x00007fff14dc0000 - 0x00007fff14e67000 	C:\WINDOWS\System32\msvcrt.dll
0x00007fff14d10000 - 0x00007fff14db8000 	C:\WINDOWS\System32\sechost.dll
0x00007fff13030000 - 0x00007fff13058000 	C:\WINDOWS\System32\bcrypt.dll
0x00007fff15250000 - 0x00007fff15367000 	C:\WINDOWS\System32\RPCRT4.dll
0x00007fff14930000 - 0x00007fff14ade000 	C:\WINDOWS\System32\USER32.dll
0x00007fff12e70000 - 0x00007fff12e96000 	C:\WINDOWS\System32\win32u.dll
0x00007fff15220000 - 0x00007fff15249000 	C:\WINDOWS\System32\GDI32.dll
0x00007fff12f10000 - 0x00007fff13028000 	C:\WINDOWS\System32\gdi32full.dll
0x00007fff13060000 - 0x00007fff130fa000 	C:\WINDOWS\System32\msvcp_win.dll
0x00007fff13180000 - 0x00007fff13291000 	C:\WINDOWS\System32\ucrtbase.dll
0x00007ffee8790000 - 0x00007ffee8a23000 	C:\WINDOWS\WinSxS\amd64_microsoft.windows.common-controls_6595b64144ccf1df_6.0.22621.2506_none_270c5ae97388e100\COMCTL32.dll
0x00007fff15440000 - 0x00007fff15471000 	C:\WINDOWS\System32\IMM32.DLL
0x0000000056580000 - 0x0000000056652000 	C:\Program Files\Java\jdk1.8.0_111\jre\bin\msvcr100.dll
0x0000000055b50000 - 0x00000000563ea000 	C:\Program Files\Java\jdk1.8.0_111\jre\bin\server\jvm.dll
0x00007fff146d0000 - 0x00007fff146d8000 	C:\WINDOWS\System32\PSAPI.DLL
0x00007fff07870000 - 0x00007fff0787a000 	C:\WINDOWS\SYSTEM32\VERSION.dll
0x00007fff0cc50000 - 0x00007fff0cc84000 	C:\WINDOWS\SYSTEM32\WINMM.dll
0x00007fff0ab70000 - 0x00007fff0ab79000 	C:\WINDOWS\SYSTEM32\WSOCK32.dll
0x00007fff148b0000 - 0x00007fff14921000 	C:\WINDOWS\System32\WS2_32.dll
0x0000000055b00000 - 0x0000000055b0f000 	C:\Program Files\Java\jdk1.8.0_111\jre\bin\verify.dll
0x0000000055ad0000 - 0x0000000055af9000 	C:\Program Files\Java\jdk1.8.0_111\jre\bin\java.dll
0x0000000055ab0000 - 0x0000000055ac6000 	C:\Program Files\Java\jdk1.8.0_111\jre\bin\zip.dll
0x00007fff13e70000 - 0x00007fff146ca000 	C:\WINDOWS\System32\SHELL32.dll
0x00007fff10d10000 - 0x00007fff11606000 	C:\WINDOWS\SYSTEM32\windows.storage.dll
0x00007fff14e70000 - 0x00007fff151f9000 	C:\WINDOWS\System32\combase.dll
0x00007fff10bd0000 - 0x00007fff10d0e000 	C:\WINDOWS\SYSTEM32\wintypes.dll
0x00007fff15730000 - 0x00007fff15823000 	C:\WINDOWS\System32\SHCORE.dll
0x00007fff14bb0000 - 0x00007fff14c0e000 	C:\WINDOWS\System32\shlwapi.dll
0x00007fff12ce0000 - 0x00007fff12d06000 	C:\WINDOWS\SYSTEM32\profapi.dll
0x00000000558d0000 - 0x0000000055a68000 	C:\Program Files\Java\jdk1.8.0_111\jre\bin\awt.dll
0x00007fff14780000 - 0x00007fff14857000 	C:\WINDOWS\System32\OLEAUT32.dll
0x00007fff0c680000 - 0x00007fff0c717000 	C:\WINDOWS\SYSTEM32\apphelp.dll
0x00007fff0c780000 - 0x00007fff0c82b000 	C:\WINDOWS\system32\uxtheme.dll
0x00007fff137c0000 - 0x00007fff13910000 	C:\WINDOWS\System32\MSCTF.dll
0x00007fff15830000 - 0x00007fff159d0000 	C:\WINDOWS\System32\ole32.dll
0x00007fff11ed0000 - 0x00007fff11ee8000 	C:\WINDOWS\SYSTEM32\kernel.appcore.dll
0x00007fff13100000 - 0x00007fff1317a000 	C:\WINDOWS\System32\bcryptPrimitives.dll
0x00007fff0ca00000 - 0x00007fff0ca2b000 	C:\WINDOWS\system32\DWMAPI.DLL
0x0000000055880000 - 0x00000000558c7000 	C:\Program Files\Java\jdk1.8.0_111\jre\bin\fontmanager.dll

VM Arguments:
jvm_args: -Dfile.encoding=UTF-8 
java_command: diagnosis
java_class_path (initial): C:\Program Files\NetBeans 8.2\java\modules\ext\AbsoluteLayout.jar;C:\Program Files\NetBeans 8.2\ide\modules\ext\mysql-connector-java-5.1.23-bin.jar;C:\Users\DELL\Downloads\MentalMind-20240106T100642Z-001-20240116T141350Z-001\MentalMind-20240106T100642Z-001\MentalMind\build\classes
Launcher Type: SUN_STANDARD

Environment Variables:
PATH=C:\ProgramData\Oracle\Java\javapath;C:\Program Files\Common Files\Oracle\Java\javapath;C:\Program Files (x86)\Common Files\Intel\Shared Libraries\redist\intel64\compiler;C:\Windows\system32;C:\Windows;C:\Windows\System32\Wbem;C:\Windows\System32\WindowsPowerShell\v1.0\;C:\Windows\System32\OpenSSH\;C:\Program Files (x86)\NVIDIA Corporation\PhysX\Common;C:\Program Files\dotnet\;C:\WINDOWS\system32;C:\WINDOWS;C:\WINDOWS\System32\Wbem;C:\WINDOWS\System32\WindowsPowerShell\v1.0\;C:\WINDOWS\System32\OpenSSH\;C:\Program Files\Git\cmd;C:\MinGW\bin;C:\Program Files\nodejs\;C:\Users\DELL\Documents\flutter\bin;C:\Program Files\Java\jdk-21;C:\Users\DELL\AppData\Local\Programs\Python\Python311\Scripts\;C:\Users\DELL\AppData\Local\Programs\Python\Python311\;C:\Users\DELL\AppData\Local\Microsoft\WindowsApps;C:\Users\DELL\AppData\Local\Programs\Microsoft VS Code\bin;C:\Users\DELL\AppData\Roaming\npm;C:\Users\DELL\AppData\Local\GitHubDesktop\bin;C:\Users\DELL\Documents\flutter\bin;C:\path\to\chromedriver.exe;C:\Program Files\Selenium\Selenium\Firefox\geckodriver.exe;C:\Path\To\msedgedriver.exe;
USERNAME=DELL
OS=Windows_NT
PROCESSOR_IDENTIFIER=Intel64 Family 6 Model 165 Stepping 2, GenuineIntel



---------------  S Y S T E M  ---------------

OS: Windows 10.0 , 64 bit Build 22621 (10.0.22621.2506)

CPU:total 12 (6 cores per cpu, 2 threads per core) family 6 model 165 stepping 2, cmov, cx8, fxsr, mmx, sse, sse2, sse3, ssse3, sse4.1, sse4.2, popcnt, avx, avx2, aes, clmul, erms, 3dnowpref, lzcnt, ht, tsc, tscinvbit, bmi1, bmi2, adx

Memory: 4k page, physical 16533188k(5388040k free), swap 16533188k(5124k free)

vm_info: Java HotSpot(TM) 64-Bit Server VM (25.111-b14) for windows-amd64 JRE (1.8.0_111-b14), built on Sep 22 2016 19:24:05 by "java_re" with MS VC++ 10.0 (VS2010)

time: Tue Jan 16 23:31:58 2024
elapsed time: 0 seconds (0d 0h 0m 0s)

