#
# There is insufficient memory for the Java Runtime Environment to continue.
# Native memory allocation (malloc) failed to allocate 1048576 bytes for AllocateHeap
# Possible reasons:
#   The system is out of physical RAM or swap space
#   In 32 bit mode, the process size limit was hit
# Possible solutions:
#   Reduce memory load on the system
#   Increase physical memory or swap space
#   Check if swap backing store is full
#   Use 64 bit Java on a 64 bit OS
#   Decrease Java heap size (-Xmx/-Xms)
#   Decrease number of Java threads
#   Decrease Java thread stack sizes (-Xss)
#   Set larger code cache with -XX:ReservedCodeCacheSize=
# This output file may be truncated or incomplete.
#
#  Out of Memory Error (memory/allocation.inline.hpp:61), pid=26220, tid=0x0000000000001b00
#
# JRE version:  (8.0_111-b14) (build )
# Java VM: Java HotSpot(TM) 64-Bit Server VM (25.111-b14 mixed mode windows-amd64 compressed oops)
# Failed to write core dump. Minidumps are not enabled by default on client versions of Windows
#

---------------  T H R E A D  ---------------

Current thread (0x0000000002f02800):  JavaThread "Unknown thread" [_thread_in_vm, id=6912, stack(0x0000000002e00000,0x0000000002f00000)]

Stack: [0x0000000002e00000,0x0000000002f00000]
[error occurred during error reporting (printing stack bounds), id 0xc0000005]

Native frames: (J=compiled Java code, j=interpreted, Vv=VM code, C=native code)


---------------  P R O C E S S  ---------------

Java Threads: ( => current thread )

Other Threads:

=>0x0000000002f02800 (exited) JavaThread "Unknown thread" [_thread_in_vm, id=6912, stack(0x0000000002e00000,0x0000000002f00000)]

VM state:not at safepoint (normal execution)

VM Mutex/Monitor currently owned by a thread: None

Heap:
 PSYoungGen      total 75776K, used 1300K [0x000000076be00000, 0x0000000771280000, 0x00000007c0000000)
  eden space 65024K, 2% used [0x000000076be00000,0x000000076bf451f8,0x000000076fd80000)
  from space 10752K, 0% used [0x0000000770800000,0x0000000770800000,0x0000000771280000)
  to   space 10752K, 0% used [0x000000076fd80000,0x000000076fd80000,0x0000000770800000)
 ParOldGen       total 173568K, used 0K [0x00000006c3a00000, 0x00000006ce380000, 0x000000076be00000)
  object space 173568K, 0% used [0x00000006c3a00000,0x00000006c3a00000,0x00000006ce380000)
 Metaspace       used 770K, capacity 4480K, committed 4480K, reserved 1056768K
  class space    used 75K, capacity 384K, committed 384K, reserved 1048576K

Card table byte_map: [0x00000000123c0000,0x0000000012bb0000] byte_map_base: 0x000000000eda3000

Marking Bits: (ParMarkBitMap*) 0x000000005636a6c0
 Begin Bits: [0x0000000013b00000, 0x0000000017a18000)
 End Bits:   [0x0000000017a18000, 0x000000001b930000)

Polling page: 0x0000000001470000

CodeCache: size=245760Kb used=328Kb max_used=328Kb free=245431Kb
 bounds [0x0000000003000000, 0x0000000003270000, 0x0000000012000000]
 total_blobs=58 nmethods=0 adapters=38
 compilation: enabled

Compilation events (0 events):
No events

GC Heap History (0 events):
No events

Deoptimization events (0 events):
No events

Internal exceptions (0 events):
No events

Events (10 events):
Event: 0.022 loading class java/lang/Short
Event: 0.022 loading class java/lang/Short done
Event: 0.022 loading class java/lang/Integer
Event: 0.023 loading class java/lang/Integer done
Event: 0.023 loading class java/lang/Long
Event: 0.023 loading class java/lang/Long done
Event: 0.023 loading class java/lang/NullPointerException
Event: 0.023 loading class java/lang/NullPointerException done
Event: 0.023 loading class java/lang/ArithmeticException
Event: 0.023 loading class java/lang/ArithmeticException done


Dynamic libraries:
0x00007ff7d2160000 - 0x00007ff7d2197000 	C:\Program Files\Java\jdk1.8.0_111\bin\java.exe
0x00007fff15a70000 - 0x00007fff15c87000 	C:\WINDOWS\SYSTEM32\ntdll.dll
0x00007fff14ae0000 - 0x00007fff14ba4000 	C:\WINDOWS\System32\KERNEL32.DLL
0x00007fff132a0000 - 0x00007fff13646000 	C:\WINDOWS\System32\KERNELBASE.dll
0x00007fff15370000 - 0x00007fff15423000 	C:\WINDOWS\System32\ADVAPI32.dll
0x00007fff14dc0000 - 0x00007fff14e67000 	C:\WINDOWS\System32\msvcrt.dll
0x00007fff14d10000 - 0x00007fff14db8000 	C:\WINDOWS\System32\sechost.dll
0x00007fff13030000 - 0x00007fff13058000 	C:\WINDOWS\System32\bcrypt.dll
0x00007fff15250000 - 0x00007fff15367000 	C:\WINDOWS\System32\RPCRT4.dll
0x00007fff14930000 - 0x00007fff14ade000 	C:\WINDOWS\System32\USER32.dll
0x00007fff12e70000 - 0x00007fff12e96000 	C:\WINDOWS\System32\win32u.dll
0x00007fff15220000 - 0x00007fff15249000 	C:\WINDOWS\System32\GDI32.dll
0x00007fff12f10000 - 0x00007fff13028000 	C:\WINDOWS\System32\gdi32full.dll
0x00007fff13060000 - 0x00007fff130fa000 	C:\WINDOWS\System32\msvcp_win.dll
0x00007fff13180000 - 0x00007fff13291000 	C:\WINDOWS\System32\ucrtbase.dll
0x00007ffee8790000 - 0x00007ffee8a23000 	C:\WINDOWS\WinSxS\amd64_microsoft.windows.common-controls_6595b64144ccf1df_6.0.22621.2506_none_270c5ae97388e100\COMCTL32.dll
0x00007fff15440000 - 0x00007fff15471000 	C:\WINDOWS\System32\IMM32.DLL
0x0000000056580000 - 0x0000000056652000 	C:\Program Files\Java\jdk1.8.0_111\jre\bin\msvcr100.dll
0x0000000055b50000 - 0x00000000563ea000 	C:\Program Files\Java\jdk1.8.0_111\jre\bin\server\jvm.dll
0x00007fff146d0000 - 0x00007fff146d8000 	C:\WINDOWS\System32\PSAPI.DLL
0x00007fff07870000 - 0x00007fff0787a000 	C:\WINDOWS\SYSTEM32\VERSION.dll
0x00007fff0ab70000 - 0x00007fff0ab79000 	C:\WINDOWS\SYSTEM32\WSOCK32.dll
0x00007fff0cc50000 - 0x00007fff0cc84000 	C:\WINDOWS\SYSTEM32\WINMM.dll
0x00007fff148b0000 - 0x00007fff14921000 	C:\WINDOWS\System32\WS2_32.dll
0x0000000055b00000 - 0x0000000055b0f000 	C:\Program Files\Java\jdk1.8.0_111\jre\bin\verify.dll
0x0000000055ad0000 - 0x0000000055af9000 	C:\Program Files\Java\jdk1.8.0_111\jre\bin\java.dll
0x0000000055ab0000 - 0x0000000055ac6000 	C:\Program Files\Java\jdk1.8.0_111\jre\bin\zip.dll

VM Arguments:
jvm_args: -Dfile.encoding=UTF-8 
java_command: diagnosis
java_class_path (initial): C:\Program Files\NetBeans 8.2\java\modules\ext\AbsoluteLayout.jar;C:\Program Files\NetBeans 8.2\ide\modules\ext\mysql-connector-java-5.1.23-bin.jar;C:\Users\DELL\Downloads\MentalMind-20240106T100642Z-001-20240116T141350Z-001\MentalMind-20240106T100642Z-001\MentalMind\build\classes
Launcher Type: SUN_STANDARD

Environment Variables:
PATH=C:\ProgramData\Oracle\Java\javapath;C:\Program Files\Common Files\Oracle\Java\javapath;C:\Program Files (x86)\Common Files\Intel\Shared Libraries\redist\intel64\compiler;C:\Windows\system32;C:\Windows;C:\Windows\System32\Wbem;C:\Windows\System32\WindowsPowerShell\v1.0\;C:\Windows\System32\OpenSSH\;C:\Program Files (x86)\NVIDIA Corporation\PhysX\Common;C:\Program Files\dotnet\;C:\WINDOWS\system32;C:\WINDOWS;C:\WINDOWS\System32\Wbem;C:\WINDOWS\System32\WindowsPowerShell\v1.0\;C:\WINDOWS\System32\OpenSSH\;C:\Program Files\Git\cmd;C:\MinGW\bin;C:\Program Files\nodejs\;C:\Users\DELL\Documents\flutter\bin;C:\Program Files\Java\jdk-21;C:\Users\DELL\AppData\Local\Programs\Python\Python311\Scripts\;C:\Users\DELL\AppData\Local\Programs\Python\Python311\;C:\Users\DELL\AppData\Local\Microsoft\WindowsApps;C:\Users\DELL\AppData\Local\Programs\Microsoft VS Code\bin;C:\Users\DELL\AppData\Roaming\npm;C:\Users\DELL\AppData\Local\GitHubDesktop\bin;C:\Users\DELL\Documents\flutter\bin;C:\path\to\chromedriver.exe;C:\Program Files\Selenium\Selenium\Firefox\geckodriver.exe;C:\Path\To\msedgedriver.exe;
USERNAME=DELL
OS=Windows_NT
PROCESSOR_IDENTIFIER=Intel64 Family 6 Model 165 Stepping 2, GenuineIntel



---------------  S Y S T E M  ---------------

OS: Windows 10.0 , 64 bit Build 22621 (10.0.22621.2506)

CPU:total 12 (6 cores per cpu, 2 threads per core) family 6 model 165 stepping 2, cmov, cx8, fxsr, mmx, sse, sse2, sse3, ssse3, sse4.1, sse4.2, popcnt, avx, avx2, aes, clmul, erms, 3dnowpref, lzcnt, ht, tsc, tscinvbit, bmi1, bmi2, adx

Memory: 4k page, physical 16533188k(5385748k free), swap 16533188k(5992k free)

vm_info: Java HotSpot(TM) 64-Bit Server VM (25.111-b14) for windows-amd64 JRE (1.8.0_111-b14), built on Sep 22 2016 19:24:05 by "java_re" with MS VC++ 10.0 (VS2010)

time: Tue Jan 16 23:31:30 2024
elapsed time: 0 seconds (0d 0h 0m 0s)

